This is pdfTeX, Version 3.1415926-2.4-1.40.13 (TeX Live 2012/Debian) (format=pdflatex 2013.5.30)  12 JUN 2013 07:49
entering extended mode
 restricted \write18 enabled.
 %&-line parsing enabled.
**Assignment_Header.tex
(./Assignment_Header.tex
LaTeX2e <2011/06/27>
Babel <v3.8m> and hyphenation patterns for english, dumylang, nohyphenation, et
hiopic, farsi, arabic, pinyin, croatian, bulgarian, ukrainian, russian, slovak,
 czech, danish, dutch, usenglishmax, ukenglish, finnish, french, basque, ngerma
n, german, swissgerman, ngerman-x-2012-05-30, german-x-2012-05-30, monogreek, g
reek, ibycus, ancientgreek, hungarian, bengali, tamil, hindi, telugu, gujarati,
 sanskrit, malayalam, kannada, assamese, marathi, oriya, panjabi, italian, lati
n, latvian, lithuanian, mongolian, mongolianlmc, nynorsk, bokmal, indonesian, e
speranto, coptic, welsh, irish, interlingua, serbian, serbianc, slovenian, friu
lan, romansh, estonian, romanian, armenian, uppersorbian, turkish, afrikaans, i
celandic, kurmanji, polish, portuguese, galician, catalan, spanish, swedish, th
ai, loaded.
(/usr/share/texlive/texmf-dist/tex/latex/base/article.cls
Document Class: article 2007/10/19 v1.4h Standard LaTeX document class
(/usr/share/texlive/texmf-dist/tex/latex/base/size12.clo
File: size12.clo 2007/10/19 v1.4h Standard LaTeX file (size option)
)
\c@part=\count79
\c@section=\count80
\c@subsection=\count81
\c@subsubsection=\count82
\c@paragraph=\count83
\c@subparagraph=\count84
\c@figure=\count85
\c@table=\count86
\abovecaptionskip=\skip41
\belowcaptionskip=\skip42
\bibindent=\dimen102
)
(/usr/share/texlive/texmf-dist/tex/latex/psnfss/times.sty
Package: times 2005/04/12 PSNFSS-v9.2a (SPQR) 
)
(/usr/share/texlive/texmf-dist/tex/latex/graphics/graphicx.sty
Package: graphicx 1999/02/16 v1.0f Enhanced LaTeX Graphics (DPC,SPQR)

(/usr/share/texlive/texmf-dist/tex/latex/graphics/keyval.sty
Package: keyval 1999/03/16 v1.13 key=value parser (DPC)
\KV@toks@=\toks14
)
(/usr/share/texlive/texmf-dist/tex/latex/graphics/graphics.sty
Package: graphics 2009/02/05 v1.0o Standard LaTeX Graphics (DPC,SPQR)

(/usr/share/texlive/texmf-dist/tex/latex/graphics/trig.sty
Package: trig 1999/03/16 v1.09 sin cos tan (DPC)
)
(/usr/share/texlive/texmf-dist/tex/latex/latexconfig/graphics.cfg
File: graphics.cfg 2010/04/23 v1.9 graphics configuration of TeX Live
)
Package graphics Info: Driver file: pdftex.def on input line 91.

(/usr/share/texlive/texmf-dist/tex/latex/pdftex-def/pdftex.def
File: pdftex.def 2011/05/27 v0.06d Graphics/color for pdfTeX

(/usr/share/texlive/texmf-dist/tex/generic/oberdiek/infwarerr.sty
Package: infwarerr 2010/04/08 v1.3 Providing info/warning/error messages (HO)
)
(/usr/share/texlive/texmf-dist/tex/generic/oberdiek/ltxcmds.sty
Package: ltxcmds 2011/11/09 v1.22 LaTeX kernel commands for general use (HO)
)
\Gread@gobject=\count87
))
\Gin@req@height=\dimen103
\Gin@req@width=\dimen104
)
(/usr/share/texlive/texmf-dist/tex/latex/subfigure/subfigure.sty
Package: subfigure 2002/03/15 v2.1.5 subfigure package
\subfigtopskip=\skip43
\subfigcapskip=\skip44
\subfigcaptopadj=\dimen105
\subfigbottomskip=\skip45
\subfigcapmargin=\dimen106
\subfiglabelskip=\skip46
\c@subfigure=\count88
\c@lofdepth=\count89
\c@subtable=\count90
\c@lotdepth=\count91

****************************************
* Local config file subfigure.cfg used *
****************************************
(/usr/share/texlive/texmf-dist/tex/latex/subfigure/subfigure.cfg)
\subfig@top=\skip47
\subfig@bottom=\skip48
)
(/usr/share/texlive/texmf-dist/tex/latex/graphics/color.sty
Package: color 2005/11/14 v1.0j Standard LaTeX Color (DPC)

(/usr/share/texlive/texmf-dist/tex/latex/latexconfig/color.cfg
File: color.cfg 2007/01/18 v1.5 color configuration of teTeX/TeXLive
)
Package color Info: Driver file: pdftex.def on input line 130.
)
(/usr/share/texlive/texmf-dist/tex/latex/url/url.sty
\Urlmuskip=\muskip10
Package: url 2006/04/12  ver 3.3  Verb mode for urls, etc.
)
(/usr/share/texlive/texmf-dist/tex/latex/mh/mathtools.sty
Package: mathtools 2012/04/24 v1.12 mathematical typesetting tools

(/usr/share/texlive/texmf-dist/tex/latex/tools/calc.sty
Package: calc 2007/08/22 v4.3 Infix arithmetic (KKT,FJ)
\calc@Acount=\count92
\calc@Bcount=\count93
\calc@Adimen=\dimen107
\calc@Bdimen=\dimen108
\calc@Askip=\skip49
\calc@Bskip=\skip50
LaTeX Info: Redefining \setlength on input line 76.
LaTeX Info: Redefining \addtolength on input line 77.
\calc@Ccount=\count94
\calc@Cskip=\skip51
)
(/usr/share/texlive/texmf-dist/tex/latex/mh/mhsetup.sty
Package: mhsetup 2010/01/21 v1.2a programming setup (MH)
)
(/usr/share/texlive/texmf-dist/tex/latex/amsmath/amsmath.sty
Package: amsmath 2000/07/18 v2.13 AMS math features
\@mathmargin=\skip52

For additional information on amsmath, use the `?' option.
(/usr/share/texlive/texmf-dist/tex/latex/amsmath/amstext.sty
Package: amstext 2000/06/29 v2.01

(/usr/share/texlive/texmf-dist/tex/latex/amsmath/amsgen.sty
File: amsgen.sty 1999/11/30 v2.0
\@emptytoks=\toks15
\ex@=\dimen109
))
(/usr/share/texlive/texmf-dist/tex/latex/amsmath/amsbsy.sty
Package: amsbsy 1999/11/29 v1.2d
\pmbraise@=\dimen110
)
(/usr/share/texlive/texmf-dist/tex/latex/amsmath/amsopn.sty
Package: amsopn 1999/12/14 v2.01 operator names
)
\inf@bad=\count95
LaTeX Info: Redefining \frac on input line 211.
\uproot@=\count96
\leftroot@=\count97
LaTeX Info: Redefining \overline on input line 307.
\classnum@=\count98
\DOTSCASE@=\count99
LaTeX Info: Redefining \ldots on input line 379.
LaTeX Info: Redefining \dots on input line 382.
LaTeX Info: Redefining \cdots on input line 467.
\Mathstrutbox@=\box26
\strutbox@=\box27
\big@size=\dimen111
LaTeX Font Info:    Redeclaring font encoding OML on input line 567.
LaTeX Font Info:    Redeclaring font encoding OMS on input line 568.
\macc@depth=\count100
\c@MaxMatrixCols=\count101
\dotsspace@=\muskip11
\c@parentequation=\count102
\dspbrk@lvl=\count103
\tag@help=\toks16
\row@=\count104
\column@=\count105
\maxfields@=\count106
\andhelp@=\toks17
\eqnshift@=\dimen112
\alignsep@=\dimen113
\tagshift@=\dimen114
\tagwidth@=\dimen115
\totwidth@=\dimen116
\lineht@=\dimen117
\@envbody=\toks18
\multlinegap=\skip53
\multlinetaggap=\skip54
\mathdisplay@stack=\toks19
LaTeX Info: Redefining \[ on input line 2666.
LaTeX Info: Redefining \] on input line 2667.
)
\g_MT_multlinerow_int=\count107
\l_MT_multwidth_dim=\dimen118
\origjot=\skip55
\l_MT_shortvdotswithinadjustabove_dim=\dimen119
\l_MT_shortvdotswithinadjustbelow_dim=\dimen120
\l_MT_above_intertext_dim=\dimen121
\l_MT_below_intertext_dim=\dimen122
\l_MT_above_shortintertext_dim=\dimen123
\l_MT_below_shortintertext_dim=\dimen124
)
(/usr/share/texlive/texmf-dist/tex/latex/amsfonts/amsfonts.sty
Package: amsfonts 2009/06/22 v3.00 Basic AMSFonts support
\symAMSa=\mathgroup4
\symAMSb=\mathgroup5
LaTeX Font Info:    Overwriting math alphabet `\mathfrak' in version `bold'
(Font)                  U/euf/m/n --> U/euf/b/n on input line 96.
)
(/usr/share/texlive/texmf-dist/tex/latex/frankenstein/newclude.sty
Package: newclude 1999/11/02 v2 A new system for including files (Frankenstein'
s backbone)

(/usr/share/texlive/texmf-dist/tex/latex/frankenstein/moredefs.sty
Package: moredefs 2001/08/31 v1.8 more defining commands (Frankenstein's brain)

\sc@toks@a=\toks20
\sc@toks@b=\toks21
)
\nc@toks@a=\toks22
\c@IncludeDepth=\count108
)
(/usr/share/texlive/texmf-dist/tex/latex/frankenstein/tag.sto)
(/usr/share/texlive/texmf-dist/tex/latex/float/float.sty
Package: float 2001/11/08 v1.3d Float enhancements (AL)
\c@float@type=\count109
\float@exts=\toks23
\float@box=\box28
\@float@everytoks=\toks24
\@floatcapt=\box29
)
(/usr/share/texlive/texmf-dist/tex/latex/listings/listings.sty
\lst@mode=\count110
\lst@gtempboxa=\box30
\lst@token=\toks25
\lst@length=\count111
\lst@currlwidth=\dimen125
\lst@column=\count112
\lst@pos=\count113
\lst@lostspace=\dimen126
\lst@width=\dimen127
\lst@newlines=\count114
\lst@lineno=\count115
\lst@maxwidth=\dimen128

(/usr/share/texlive/texmf-dist/tex/latex/listings/lstmisc.sty
File: lstmisc.sty 2007/02/22 1.4 (Carsten Heinz)
\c@lstnumber=\count116
\lst@skipnumbers=\count117
\lst@framebox=\box31
)
(/usr/share/texlive/texmf-dist/tex/latex/listings/listings.cfg
File: listings.cfg 2007/02/22 1.4 listings configuration
))
Package: listings 2007/02/22 1.4 (Carsten Heinz)

(/usr/share/texlive/texmf-dist/tex/latex/ucs/ucs.sty
Package: ucs 2004/10/17 UCS: Unicode input support

(/usr/share/texlive/texmf-dist/tex/latex/ucs/data/uni-global.def
File: uni-global.def 2012/04/20 UCS: Unicode global data
)
\uc@secondtry=\count118
\uc@combtoks=\toks26
\uc@combtoksb=\toks27
\uc@temptokena=\toks28
)
(/usr/share/texlive/texmf-dist/tex/latex/base/inputenc.sty
Package: inputenc 2008/03/30 v1.1d Input encoding file
\inpenc@prehook=\toks29
\inpenc@posthook=\toks30

(/usr/share/texlive/texmf-dist/tex/latex/ucs/utf8x.def
File: utf8x.def 2004/10/17 UCS: Input encoding UTF-8
))
(/usr/share/texlive/texmf-dist/tex/latex/base/fontenc.sty
Package: fontenc 2005/09/27 v1.99g Standard LaTeX package

(/usr/share/texlive/texmf-dist/tex/latex/base/t1enc.def
File: t1enc.def 2005/09/27 v1.99g Standard LaTeX file
LaTeX Font Info:    Redeclaring font encoding T1 on input line 43.
))
(/var/lib/texmf/tex/generic/babel/babel.sty
Package: babel 2008/07/08 v3.8m The Babel package

(/usr/share/texlive/texmf-dist/tex/generic/babel/english.ldf
Language: english 2005/03/30 v3.3o English support from the babel system

(/usr/share/texlive/texmf-dist/tex/generic/babel/babel.def
File: babel.def 2008/07/08 v3.8m Babel common definitions
\babel@savecnt=\count119
\U@D=\dimen129
)
\l@canadian = a dialect from \language\l@american 
\l@australian = a dialect from \language\l@british 
\l@newzealand = a dialect from \language\l@british 
))
(/usr/share/texlive/texmf-dist/tex/latex/base/makeidx.sty
Package: makeidx 2000/03/29 v1.0m Standard LaTeX package
)
(/usr/share/texlive/texmf-dist/tex/latex/mparhack/mparhack.sty
Package: mparhack 2005/04/17 v1.4 (T. Sgouros and S. Ulrich)
)
(/usr/share/texlive/texmf-dist/tex/latex/marginnote/marginnote.sty
Package: marginnote 2012/03/29 v1.1i non floating margin notes for LaTeX
\c@mn@abspage=\count120
)
(/usr/share/texlive/texmf-dist/tex/latex/braket/braket.sty)
(/usr/share/texlive/texmf-dist/tex/latex/csquotes/csquotes.sty
Package: csquotes 2011/10/22 v5.1d context-sensitive quotations

(/usr/share/texlive/texmf-dist/tex/latex/etoolbox/etoolbox.sty
Package: etoolbox 2011/01/03 v2.1 e-TeX tools for LaTeX

(/usr/share/texlive/texmf-dist/tex/latex/etex-pkg/etex.sty
Package: etex 1998/03/26 v2.0 eTeX basic definition package (PEB)
\et@xins=\count121
)
\etb@tempcnta=\count122
)
\csq@reset=\count123
\csq@gtype=\count124
\csq@glevel=\count125
\csq@qlevel=\count126
\csq@maxlvl=\count127
\csq@tshold=\count128
\csq@ltx@everypar=\toks31

(/usr/share/texlive/texmf-dist/tex/latex/csquotes/csquotes.def
File: csquotes.def 2011/10/22 v5.1d csquotes generic definitions
)
Package csquotes Info: Trying to load configuration file 'csquotes.cfg'...
Package csquotes Info: ... configuration file loaded successfully.

(/usr/share/texlive/texmf-dist/tex/latex/csquotes/csquotes.cfg
File: csquotes.cfg 
))
(/usr/share/texlive/texmf-dist/tex/latex/setspace/setspace.sty
Package: setspace 2011/12/19 v6.7a set line spacing
)
(/usr/share/texlive/texmf-dist/tex/latex/changepage/changepage.sty
Package: changepage 2009/10/20 v1.0c check page and change page layout
\c@cp@cntr=\count129
\cp@tempcnt=\count130
)
(/usr/share/texlive/texmf-dist/tex/latex/cite/cite.sty
LaTeX Info: Redefining \cite on input line 302.
LaTeX Info: Redefining \nocite on input line 373.
Package: cite 2010/09/10  v 5.3
)
(/usr/share/texlive/texmf-dist/tex/latex/tools/varioref.sty
Package: varioref 2011/10/02 v1.4z package for extended references (FMi)
\c@vrcnt=\count131
)
(/usr/share/texlive/texmf-dist/tex/latex/geometry/geometry.sty
Package: geometry 2010/09/12 v5.6 Page Geometry

(/usr/share/texlive/texmf-dist/tex/generic/oberdiek/ifpdf.sty
Package: ifpdf 2011/01/30 v2.3 Provides the ifpdf switch (HO)
Package ifpdf Info: pdfTeX in PDF mode is detected.
)
(/usr/share/texlive/texmf-dist/tex/generic/oberdiek/ifvtex.sty
Package: ifvtex 2010/03/01 v1.5 Detect VTeX and its facilities (HO)
Package ifvtex Info: VTeX not detected.
)
(/usr/share/texlive/texmf-dist/tex/generic/ifxetex/ifxetex.sty
Package: ifxetex 2010/09/12 v0.6 Provides ifxetex conditional
)
\Gm@cnth=\count132
\Gm@cntv=\count133
\c@Gm@tempcnt=\count134
\Gm@bindingoffset=\dimen130
\Gm@wd@mp=\dimen131
\Gm@odd@mp=\dimen132
\Gm@even@mp=\dimen133
\Gm@layoutwidth=\dimen134
\Gm@layoutheight=\dimen135
\Gm@layouthoffset=\dimen136
\Gm@layoutvoffset=\dimen137
\Gm@dimlist=\toks32
)
(/usr/share/texlive/texmf-dist/tex/latex/listings/lstlang1.sty
File: lstlang1.sty 2004/09/05 1.3 listings language file
)
(/usr/share/texlive/texmf-dist/tex/latex/listings/lstmisc.sty
File: lstmisc.sty 2007/02/22 1.4 (Carsten Heinz)
)
Package csquotes Info: Checking for multilingual support...
Package csquotes Info: ... found 'babel' package.
Package csquotes Info: Adjusting default style.
Package csquotes Info: Redefining alias 'default' -> 'english'.


LaTeX Warning: Unused global option(s):
    [openany].

(./Assignment_Header.aux

LaTeX Warning: Label `fig:sonar02' multiply defined.

)
\openout1 = `Assignment_Header.aux'.

LaTeX Font Info:    Checking defaults for OML/cmm/m/it on input line 71.
LaTeX Font Info:    ... okay on input line 71.
LaTeX Font Info:    Checking defaults for T1/cmr/m/n on input line 71.
LaTeX Font Info:    ... okay on input line 71.
LaTeX Font Info:    Checking defaults for OT1/cmr/m/n on input line 71.
LaTeX Font Info:    ... okay on input line 71.
LaTeX Font Info:    Checking defaults for OMS/cmsy/m/n on input line 71.
LaTeX Font Info:    ... okay on input line 71.
LaTeX Font Info:    Checking defaults for OMX/cmex/m/n on input line 71.
LaTeX Font Info:    ... okay on input line 71.
LaTeX Font Info:    Checking defaults for U/cmr/m/n on input line 71.
LaTeX Font Info:    ... okay on input line 71.
LaTeX Font Info:    Try loading font information for T1+ptm on input line 71.
 (/usr/share/texlive/texmf-dist/tex/latex/psnfss/t1ptm.fd
File: t1ptm.fd 2001/06/04 font definitions for T1/ptm.
)
(/usr/share/texlive/texmf-dist/tex/context/base/supp-pdf.mkii
[Loading MPS to PDF converter (version 2006.09.02).]
\scratchcounter=\count135
\scratchdimen=\dimen138
\scratchbox=\box32
\nofMPsegments=\count136
\nofMParguments=\count137
\everyMPshowfont=\toks33
\MPscratchCnt=\count138
\MPscratchDim=\dimen139
\MPnumerator=\count139
\makeMPintoPDFobject=\count140
\everyMPtoPDFconversion=\toks34
) (/usr/share/texlive/texmf-dist/tex/generic/oberdiek/pdftexcmds.sty
Package: pdftexcmds 2011/11/29 v0.20 Utility functions of pdfTeX for LuaTeX (HO
)

(/usr/share/texlive/texmf-dist/tex/generic/oberdiek/ifluatex.sty
Package: ifluatex 2010/03/01 v1.3 Provides the ifluatex switch (HO)
Package ifluatex Info: LuaTeX not detected.
)
Package pdftexcmds Info: LuaTeX not detected.
Package pdftexcmds Info: \pdf@primitive is available.
Package pdftexcmds Info: \pdf@ifprimitive is available.
Package pdftexcmds Info: \pdfdraftmode found.
)
(/usr/share/texlive/texmf-dist/tex/latex/oberdiek/epstopdf-base.sty
Package: epstopdf-base 2010/02/09 v2.5 Base part for package epstopdf

(/usr/share/texlive/texmf-dist/tex/latex/oberdiek/grfext.sty
Package: grfext 2010/08/19 v1.1 Manage graphics extensions (HO)

(/usr/share/texlive/texmf-dist/tex/generic/oberdiek/kvdefinekeys.sty
Package: kvdefinekeys 2011/04/07 v1.3 Define keys (HO)
))
(/usr/share/texlive/texmf-dist/tex/latex/oberdiek/kvoptions.sty
Package: kvoptions 2011/06/30 v3.11 Key value format for package options (HO)

(/usr/share/texlive/texmf-dist/tex/generic/oberdiek/kvsetkeys.sty
Package: kvsetkeys 2012/04/25 v1.16 Key value parser (HO)

(/usr/share/texlive/texmf-dist/tex/generic/oberdiek/etexcmds.sty
Package: etexcmds 2011/02/16 v1.5 Avoid name clashes with e-TeX commands (HO)
Package etexcmds Info: Could not find \expanded.
(etexcmds)             That can mean that you are not using pdfTeX 1.50 or
(etexcmds)             that some package has redefined \expanded.
(etexcmds)             In the latter case, load this package earlier.
)))
Package grfext Info: Graphics extension search list:
(grfext)             [.png,.pdf,.jpg,.mps,.jpeg,.jbig2,.jb2,.PNG,.PDF,.JPG,.JPE
G,.JBIG2,.JB2,.eps]
(grfext)             \AppendGraphicsExtensions on input line 452.

(/usr/share/texlive/texmf-dist/tex/latex/latexconfig/epstopdf-sys.cfg
File: epstopdf-sys.cfg 2010/07/13 v1.3 Configuration of (r)epstopdf for TeX Liv
e
))
\c@lstlisting=\count141

(/usr/share/texlive/texmf-dist/tex/latex/ucs/ucsencs.def
File: ucsencs.def 2011/01/21 Fixes to fontencodings LGR, T3
)
Package marginnote Info: \pdfoutput not 0 and \pdflastxpos available.
(marginnote)             Extended position detection mode activated.

*geometry* driver: auto-detecting
*geometry* detected driver: pdftex
*geometry* verbose mode - [ preamble ] result:
* driver: pdftex
* paper: letterpaper
* layout: <same size as paper>
* layoutoffset:(h,v)=(0.0pt,0.0pt)
* modes: 
* h-part:(L,W,R)=(72.26999pt, 469.75502pt, 72.26999pt)
* v-part:(T,H,B)=(72.26999pt, 650.43001pt, 72.26999pt)
* \paperwidth=614.295pt
* \paperheight=794.96999pt
* \textwidth=469.75502pt
* \textheight=650.43001pt
* \oddsidemargin=0.0pt
* \evensidemargin=0.0pt
* \topmargin=-37.0pt
* \headheight=12.0pt
* \headsep=25.0pt
* \topskip=12.0pt
* \footskip=30.0pt
* \marginparwidth=35.0pt
* \marginparsep=10.0pt
* \columnsep=10.0pt
* \skip\footins=10.8pt plus 4.0pt minus 2.0pt
* \hoffset=0.0pt
* \voffset=0.0pt
* \mag=1000
* \@twocolumnfalse
* \@twosidefalse
* \@mparswitchfalse
* \@reversemarginfalse
* (1in=72.27pt=25.4mm, 1cm=28.453pt)

<logo.png, id=1, 211.7511pt x 763.8939pt>
File: logo.png Graphic file (type png)
 <use logo.png>
Package pdftex.def Info: logo.png used on input line 96.
(pdftex.def)             Requested size: 211.75056pt x 763.89203pt.
LaTeX Font Info:    Font shape `T1/ptm/bx/n' in size <14.4> not available
(Font)              Font shape `T1/ptm/b/n' tried instead on input line 100.
LaTeX Font Info:    Font shape `T1/ptm/bx/n' in size <17.28> not available
(Font)              Font shape `T1/ptm/b/n' tried instead on input line 110.
LaTeX Font Info:    Font shape `T1/ptm/bx/n' in size <12> not available
(Font)              Font shape `T1/ptm/b/n' tried instead on input line 117.
LaTeX Font Info:    Font shape `T1/ptm/bx/n' in size <10.95> not available
(Font)              Font shape `T1/ptm/b/n' tried instead on input line 122.
 [1

{/var/lib/texmf/fonts/map/pdftex/updmap/pdftex.map} <./logo.png>] [2] (./Assign
ment_Header.toc
LaTeX Font Info:    Font shape `T1/ptm/bx/it' in size <12> not available
(Font)              Font shape `T1/ptm/b/it' tried instead on input line 2.
LaTeX Font Info:    Try loading font information for U+msa on input line 3.

(/usr/share/texlive/texmf-dist/tex/latex/amsfonts/umsa.fd
File: umsa.fd 2009/06/22 v3.00 AMS symbols A
)
LaTeX Font Info:    Try loading font information for U+msb on input line 3.

(/usr/share/texlive/texmf-dist/tex/latex/amsfonts/umsb.fd
File: umsb.fd 2009/06/22 v3.00 AMS symbols B
) [1

])
\tf@toc=\write3
\openout3 = `Assignment_Header.toc'.

 [2]
LaTeX Font Info:    Font shape `T1/ptm/bx/it' in size <17.28> not available
(Font)              Font shape `T1/ptm/b/it' tried instead on input line 149.

(./Assignment_1.tex

Package amsmath Warning: Foreign command \over;
(amsmath)                \frac or \genfrac should be used instead
(amsmath)                 on input line 11.

<FIGURES_1/Second_Order_System.png, id=20, 2370.8575pt x 1677.26625pt>
File: FIGURES_1/Second_Order_System.png Graphic file (type png)

<use FIGURES_1/Second_Order_System.png>
Package pdftex.def Info: FIGURES_1/Second_Order_System.png used on input line 2
1.
(pdftex.def)             Requested size: 379.34496pt x 268.36809pt.
 [1

]
LaTeX Font Info:    Try loading font information for OMS+ptm on input line 38.

(/usr/share/texlive/texmf-dist/tex/latex/psnfss/omsptm.fd
File: omsptm.fd 
)
LaTeX Font Info:    Font shape `OMS/ptm/m/n' in size <12> not available
(Font)              Font shape `OMS/cmsy/m/n' tried instead on input line 38.
 [2 <./FIGURES_1/Second_Order_System.png>] [3]
Overfull \hbox (6.63734pt too wide) in paragraph at lines 74--75
[]\T1/ptm/m/n/12 The first three op-er-a-tors pro-duced a fil-tered sig-nal tha
t re-assem-bled more the shape of a smoothed
 []

<FIGURES_1/butterworth.png, id=39, 2370.8575pt x 1677.26625pt>
File: FIGURES_1/butterworth.png Graphic file (type png)

<use FIGURES_1/butterworth.png>
Package pdftex.def Info: FIGURES_1/butterworth.png used on input line 78.
(pdftex.def)             Requested size: 379.34496pt x 268.36809pt.
 [4 <./FIGURES_1/butterworth.png>] [5] [6]
<FIGURES_1/power70test24.png, id=53, 610.28pt x 416.55624pt>
File: FIGURES_1/power70test24.png Graphic file (type png)

<use FIGURES_1/power70test24.png>
Package pdftex.def Info: FIGURES_1/power70test24.png used on input line 171.
(pdftex.def)             Requested size: 427.19308pt x 291.58737pt.

<FIGURES_1/steadystatevalue.png, id=54, 610.28pt x 416.55624pt>
File: FIGURES_1/steadystatevalue.png Graphic file (type png)

<use FIGURES_1/steadystatevalue.png>
Package pdftex.def Info: FIGURES_1/steadystatevalue.png used on input line 214.

(pdftex.def)             Requested size: 396.67729pt x 270.75835pt.

<FIGURES_1/Gain.png, id=55, 610.28pt x 416.55624pt>
File: FIGURES_1/Gain.png Graphic file (type png)
 <use FIGURES_1/Gain.png>
Package pdftex.def Info: FIGURES_1/Gain.png used on input line 221.
(pdftex.def)             Requested size: 396.67729pt x 270.75835pt.

<FIGURES_1/DampingFactor.png, id=56, 610.28pt x 416.55624pt>
File: FIGURES_1/DampingFactor.png Graphic file (type png)

<use FIGURES_1/DampingFactor.png>
Package pdftex.def Info: FIGURES_1/DampingFactor.png used on input line 228.
(pdftex.def)             Requested size: 396.67729pt x 270.75835pt.

<FIGURES_1/NaturalFrequency.png, id=57, 610.28pt x 416.55624pt>
File: FIGURES_1/NaturalFrequency.png Graphic file (type png)

<use FIGURES_1/NaturalFrequency.png>
Package pdftex.def Info: FIGURES_1/NaturalFrequency.png used on input line 235.

(pdftex.def)             Requested size: 396.67729pt x 270.75835pt.
 [7] [8 <./FIGURES_1/power70test24.png>]
[9 <./FIGURES_1/steadystatevalue.png> <./FIGURES_1/Gain.png>] [10 <./FIGURES_1/
DampingFactor.png> <./FIGURES_1/NaturalFrequency.png>]
<FIGURES_1/BODE_PLOT.png, id=80, 610.28pt x 416.55624pt>
File: FIGURES_1/BODE_PLOT.png Graphic file (type png)

<use FIGURES_1/BODE_PLOT.png>
Package pdftex.def Info: FIGURES_1/BODE_PLOT.png used on input line 257.
(pdftex.def)             Requested size: 396.67729pt x 270.75835pt.
 [11 <./FIGURES_1/BODE_PLOT.png>] [12]
<FIGURES_1/frequencyAvgSin.png, id=88, 2375.87625pt x 1681.28125pt>
File: FIGURES_1/frequencyAvgSin.png Graphic file (type png)

<use FIGURES_1/frequencyAvgSin.png>
Package pdftex.def Info: FIGURES_1/frequencyAvgSin.png used on input line 316.
(pdftex.def)             Requested size: 380.14796pt x 269.0105pt.


LaTeX Font Warning: Command \small invalid in math mode on input line 325.


LaTeX Font Warning: Command \small invalid in math mode on input line 330.

[13 <./FIGURES_1/frequencyAvgSin.png>]
<FIGURES_1/bode_plot_sin.png, id=94, 2370.8575pt x 1677.26625pt>
File: FIGURES_1/bode_plot_sin.png Graphic file (type png)

<use FIGURES_1/bode_plot_sin.png>
Package pdftex.def Info: FIGURES_1/bode_plot_sin.png used on input line 358.
(pdftex.def)             Requested size: 379.34496pt x 268.36809pt.
) [14 <./FIGURES_1/bode_plot_sin.png>]
[15] (./Assignment_2.tex
<FIGURES_2/power_70_test_24.png, id=104, 714.67pt x 538.01pt>
File: FIGURES_2/power_70_test_24.png Graphic file (type png)

<use FIGURES_2/power_70_test_24.png>
Package pdftex.def Info: FIGURES_2/power_70_test_24.png used on input line 9.
(pdftex.def)             Requested size: 435.94806pt x 328.18562pt.
 [16] [17 <./FIGURES_2/power_70_test_24.png>] [18] <FIGURES_2/AcceptanceRegion.
png, id=115, 610.28pt x 416.55624pt>
File: FIGURES_2/AcceptanceRegion.png Graphic file (type png)

<use FIGURES_2/AcceptanceRegion.png>
Package pdftex.def Info: FIGURES_2/AcceptanceRegion.png used on input line 73.
(pdftex.def)             Requested size: 305.13925pt x 208.2776pt.
 [19 <./FIGURES_2/AcceptanceRegion.png>]
<FIGURES_2/RootLocusSinglePoleInZero.png, id=120, 610.28pt x 416.55624pt>
File: FIGURES_2/RootLocusSinglePoleInZero.png Graphic file (type png)

<use FIGURES_2/RootLocusSinglePoleInZero.png>
Package pdftex.def Info: FIGURES_2/RootLocusSinglePoleInZero.png used on input 
line 113.
(pdftex.def)             Requested size: 305.13925pt x 208.2776pt.
 [20]
<FIGURES_2/ScicosAnalogCircuit.png, id=124, 1104.125pt x 365.365pt>
File: FIGURES_2/ScicosAnalogCircuit.png Graphic file (type png)

<use FIGURES_2/ScicosAnalogCircuit.png>
Package pdftex.def Info: FIGURES_2/ScicosAnalogCircuit.png used on input line 1
30.
(pdftex.def)             Requested size: 552.06116pt x 182.68205pt.
 [21 <./FIGURES_2/RootLocusSinglePoleInZero.png>] [22 <./FIGURES_2/ScicosAnalog
Circuit.png (PNG copy)>]
<FIGURES_2/CLS-Output-Analog.png, id=133, 600.2425pt x 355.3275pt>
File: FIGURES_2/CLS-Output-Analog.png Graphic file (type png)

<use FIGURES_2/CLS-Output-Analog.png>
Package pdftex.def Info: FIGURES_2/CLS-Output-Analog.png used on input line 142
.
(pdftex.def)             Requested size: 300.12051pt x 177.6633pt.

<FIGURES_2/CLS-Error-Analog.png, id=134, 600.2425pt x 355.3275pt>
File: FIGURES_2/CLS-Error-Analog.png Graphic file (type png)

<use FIGURES_2/CLS-Error-Analog.png>
Package pdftex.def Info: FIGURES_2/CLS-Error-Analog.png used on input line 150.

(pdftex.def)             Requested size: 300.12051pt x 177.6633pt.
 [23 <./FIGURES_2/CLS-Output-Analog.png> <./FIGURES_2/CLS-Error-Analog.png>]
<FIGURES_2/ScicosDigitalCircuit.png, id=139, 1215.54124pt x 936.49875pt>
File: FIGURES_2/ScicosDigitalCircuit.png Graphic file (type png)

<use FIGURES_2/ScicosDigitalCircuit.png>
Package pdftex.def Info: FIGURES_2/ScicosDigitalCircuit.png used on input line 
183.
(pdftex.def)             Requested size: 607.76913pt x 468.24823pt.

<FIGURES_2/CLS-Output-Digital.png, id=140, 600.2425pt x 355.3275pt>
File: FIGURES_2/CLS-Output-Digital.png Graphic file (type png)

<use FIGURES_2/CLS-Output-Digital.png>
Package pdftex.def Info: FIGURES_2/CLS-Output-Digital.png used on input line 19
1.
(pdftex.def)             Requested size: 300.12051pt x 177.6633pt.
 [24] [25 <./FIGURES_2/ScicosDigitalCircuit.png (PNG copy)>]
<FIGURES_2/CLS-Error-Digital.png, id=147, 600.2425pt x 355.3275pt>
File: FIGURES_2/CLS-Error-Digital.png Graphic file (type png)

<use FIGURES_2/CLS-Error-Digital.png>
Package pdftex.def Info: FIGURES_2/CLS-Error-Digital.png used on input line 199
.
(pdftex.def)             Requested size: 300.12051pt x 177.6633pt.

<FIGURES_2/CLS-FilteredSpeed-Digital.png, id=148, 600.2425pt x 355.3275pt>
File: FIGURES_2/CLS-FilteredSpeed-Digital.png Graphic file (type png)

<use FIGURES_2/CLS-FilteredSpeed-Digital.png>
Package pdftex.def Info: FIGURES_2/CLS-FilteredSpeed-Digital.png used on input 
line 211.
(pdftex.def)             Requested size: 300.12051pt x 177.6633pt.
LaTeX Font Info:    Font shape `T1/ptm/bx/it' in size <14.4> not available
(Font)              Font shape `T1/ptm/b/it' tried instead on input line 225.
 [26 <./FIGURES_2/CLS-Output-Digital.png> <./FIGURES_2/CLS-Error-Digital.png>]
Overfull \hbox (28.88661pt too wide) in paragraph at lines 237--237
[] 
 []

[27 <./FIGURES_2/CLS-FilteredSpeed-Digital.png>]
LaTeX Font Info:    Try loading font information for T1+pcr on input line 246.

(/usr/share/texlive/texmf-dist/tex/latex/psnfss/t1pcr.fd
File: t1pcr.fd 2001/06/04 font definitions for T1/pcr.
)
LaTeX Font Info:    Font shape `T1/pcr/m/it' in size <10> not available
(Font)              Font shape `T1/pcr/m/sl' tried instead on input line 247.
LaTeX Font Info:    Font shape `T1/pcr/bx/n' in size <10> not available
(Font)              Font shape `T1/pcr/b/n' tried instead on input line 249.
 [28]
<FIGURES_2/BRK-Step-TP.png, id=164, 610.28pt x 416.55624pt>
File: FIGURES_2/BRK-Step-TP.png Graphic file (type png)

<use FIGURES_2/BRK-Step-TP.png>
Package pdftex.def Info: FIGURES_2/BRK-Step-TP.png used on input line 298.
(pdftex.def)             Requested size: 305.13925pt x 208.2776pt.

<FIGURES_2/BRK-Step-FP.png, id=165, 610.28pt x 416.55624pt>
File: FIGURES_2/BRK-Step-FP.png Graphic file (type png)

<use FIGURES_2/BRK-Step-FP.png>
Package pdftex.def Info: FIGURES_2/BRK-Step-FP.png used on input line 308.
(pdftex.def)             Requested size: 305.13925pt x 208.2776pt.
 [29 <./FIGURES_2/BRK-Step-TP.png>]
<FIGURES_2/MotorsModel.png, id=170, 2148.025pt x 1168.365pt>
File: FIGURES_2/MotorsModel.png Graphic file (type png)

<use FIGURES_2/MotorsModel.png>
Package pdftex.def Info: FIGURES_2/MotorsModel.png used on input line 327.
(pdftex.def)             Requested size: 256.04752pt x 156.47452pt.
 [30 <./FIGURES_2/BRK-Step-FP.png>]
<FIGURES_2/BRK-Weight-PR.png, id=176, 610.28pt x 416.55624pt>
File: FIGURES_2/BRK-Weight-PR.png Graphic file (type png)

<use FIGURES_2/BRK-Weight-PR.png>
Package pdftex.def Info: FIGURES_2/BRK-Weight-PR.png used on input line 339.
(pdftex.def)             Requested size: 305.13925pt x 208.2776pt.
 [31 <./FIGURES_2/MotorsModel.png>]
<FIGURES_2/BRK-Weight-FP.png, id=181, 610.28pt x 416.55624pt>
File: FIGURES_2/BRK-Weight-FP.png Graphic file (type png)

<use FIGURES_2/BRK-Weight-FP.png>
Package pdftex.def Info: FIGURES_2/BRK-Weight-FP.png used on input line 347.
(pdftex.def)             Requested size: 305.13925pt x 208.2776pt.
) [32 <./FIGURES_2/BRK-Weight-PR.png> <./FIGURES_2/BRK-Weight-FP.png>] (./Assig
nment_3.tex
<FIGURES_3/Simulation_noAW_noSP.png, id=187, 602.25pt x 401.5pt>
File: FIGURES_3/Simulation_noAW_noSP.png Graphic file (type png)

<use FIGURES_3/Simulation_noAW_noSP.png>
Package pdftex.def Info: FIGURES_3/Simulation_noAW_noSP.png used on input line 
9.
(pdftex.def)             Requested size: 307.14343pt x 204.76228pt.
 [33 <./FIGURES_3/Simulation_noAW_noSP.png>] <FIGURES_3/Anti_Windup_Block.png, 
id=193, 910.40125pt x 443.6575pt>
File: FIGURES_3/Anti_Windup_Block.png Graphic file (type png)

<use FIGURES_3/Anti_Windup_Block.png>
Package pdftex.def Info: FIGURES_3/Anti_Windup_Block.png used on input line 52.

(pdftex.def)             Requested size: 464.2985pt x 226.26231pt.

<FIGURES_3/Simulation_yesAW_noSP.png, id=194, 602.25pt x 401.5pt>
File: FIGURES_3/Simulation_yesAW_noSP.png Graphic file (type png)

<use FIGURES_3/Simulation_yesAW_noSP.png>
Package pdftex.def Info: FIGURES_3/Simulation_yesAW_noSP.png used on input line
 59.
(pdftex.def)             Requested size: 307.14343pt x 204.76228pt.
 [34] [35 <./FIGURES_3/Anti_Windup_Block.png> <./FIGURES_3/Simulation_yesAW_noS
P.png>]
<FIGURES_3/smith.png, id=203, 513.92pt x 200.75pt>
File: FIGURES_3/smith.png Graphic file (type png)
 <use FIGURES_3/smith.png>
Package pdftex.def Info: FIGURES_3/smith.png used on input line 72.
(pdftex.def)             Requested size: 262.09572pt x 102.38113pt.

<FIGURES_3/Wheel_SmithPredictor_01.png, id=204, 928.46875pt x 417.56pt>
File: FIGURES_3/Wheel_SmithPredictor_01.png Graphic file (type png)

<use FIGURES_3/Wheel_SmithPredictor_01.png>
Package pdftex.def Info: FIGURES_3/Wheel_SmithPredictor_01.png used on input li
ne 81.
(pdftex.def)             Requested size: 454.95367pt x 204.60617pt.

<FIGURES_3/Wheel_SmithPredictor_02.png, id=205, 500.87125pt x 565.11125pt>
File: FIGURES_3/Wheel_SmithPredictor_02.png Graphic file (type png)

<use FIGURES_3/Wheel_SmithPredictor_02.png>
Package pdftex.def Info: FIGURES_3/Wheel_SmithPredictor_02.png used on input li
ne 90.
(pdftex.def)             Requested size: 245.42905pt x 276.90694pt.
 [36 <./FIGURES_3/smith.png> <./FIGURES_3/Wheel_SmithPredictor_01.png>]
<FIGURES_3/Simulation_yesAW_yesSP.png, id=211, 602.25pt x 401.5pt>
File: FIGURES_3/Simulation_yesAW_yesSP.png Graphic file (type png)

<use FIGURES_3/Simulation_yesAW_yesSP.png>
Package pdftex.def Info: FIGURES_3/Simulation_yesAW_yesSP.png used on input lin
e 99.
(pdftex.def)             Requested size: 307.14343pt x 204.76228pt.
 [37 <./FIGURES_3/Wheel_SmithPredictor_02.png>] <FIGURES_3/Whole_Wheel.png, id=
216, 1296.845pt x 664.4825pt>
File: FIGURES_3/Whole_Wheel.png Graphic file (type png)

<use FIGURES_3/Whole_Wheel.png>
Package pdftex.def Info: FIGURES_3/Whole_Wheel.png used on input line 107.
(pdftex.def)             Requested size: 492.80623pt x 252.50597pt.

Overfull \hbox (23.05121pt too wide) in paragraph at lines 107--108
[][] 
 []

[38 <./FIGURES_3/Simulation_yesAW_yesSP.png>]
<FIGURES_3/unicycle.png, id=221, 161.85469pt x 236.38312pt>
File: FIGURES_3/unicycle.png Graphic file (type png)

<use FIGURES_3/unicycle.png>
Package pdftex.def Info: FIGURES_3/unicycle.png used on input line 118.
(pdftex.def)             Requested size: 129.4839pt x 189.10675pt.
 [39 <./FIGURES_3/Whole_Wheel.png>]
<FIGURES_3/kinematic_model.png, id=227, 336.40726pt x 177.15744pt>
File: FIGURES_3/kinematic_model.png Graphic file (type png)

<use FIGURES_3/kinematic_model.png>
Package pdftex.def Info: FIGURES_3/kinematic_model.png used on input line 136.
(pdftex.def)             Requested size: 269.12616pt x 141.72614pt.
 [40 <./FIGURES_3/unicycle.png>]
LaTeX Font Info:    Font shape `OMS/ptm/m/n' in size <14.4> not available
(Font)              Font shape `OMS/cmsy/m/n' tried instead on input line 164.
 [41 <./FIGURES_3/kinematic_model.png>] [42]
Underfull \hbox (badness 10000) in paragraph at lines 221--222

 []

[43] <FIGURES_3/estimationAngle2.png, id=240, 348.30125pt x 297.11pt>
File: FIGURES_3/estimationAngle2.png Graphic file (type png)

<use FIGURES_3/estimationAngle2.png>
Package pdftex.def Info: FIGURES_3/estimationAngle2.png used on input line 232.

(pdftex.def)             Requested size: 243.8092pt x 207.97557pt.
 [44 <./FIGURES_3/estimationAngle2.png>]
<FIGURES_3/VehicleRootLocus01.png, id=246, 612.2875pt x 462.72874pt>
File: FIGURES_3/VehicleRootLocus01.png Graphic file (type png)

<use FIGURES_3/VehicleRootLocus01.png>
Package pdftex.def Info: FIGURES_3/VehicleRootLocus01.png used on input line 27
8.
(pdftex.def)             Requested size: 312.2625pt x 235.98854pt.
 [45]
<FIGURES_3/Whole_Vehicle.png, id=252, 993.7125pt x 252.945pt>
File: FIGURES_3/Whole_Vehicle.png Graphic file (type png)

<use FIGURES_3/Whole_Vehicle.png>
Package pdftex.def Info: FIGURES_3/Whole_Vehicle.png used on input line 290.
(pdftex.def)             Requested size: 506.78667pt x 129.00024pt.

Overfull \hbox (37.03165pt too wide) in paragraph at lines 290--291
 [] 
 []

[46 <./FIGURES_3/VehicleRootLocus01.png> <./FIGURES_3/Whole_Vehicle.png>]
<FIGURES_3/Vehicle_Controller.png, id=259, 940.51375pt x 417.56pt>
File: FIGURES_3/Vehicle_Controller.png Graphic file (type png)

<use FIGURES_3/Vehicle_Controller.png>
Package pdftex.def Info: FIGURES_3/Vehicle_Controller.png used on input line 30
1.
(pdftex.def)             Requested size: 460.85577pt x 204.60617pt.

<FIGURES_3/Wheels_Block.png, id=260, 960.58875pt x 361.35pt>
File: FIGURES_3/Wheels_Block.png Graphic file (type png)

<use FIGURES_3/Wheels_Block.png>
Package pdftex.def Info: FIGURES_3/Wheels_Block.png used on input line 311.
(pdftex.def)             Requested size: 470.6926pt x 177.06305pt.

Overfull \hbox (0.93758pt too wide) in paragraph at lines 311--312
 [] 
 []

[47 <./FIGURES_3/Vehicle_Controller.png>]
Overfull \hbox (21.05885pt too wide) detected at line 324
[]
 []


LaTeX Warning: Reference `fig:wheel_circui' on page 48 undefined on input line 
335.

[48 <./FIGURES_3/Wheels_Block.png>]
<FIGURES_3/Unicycle_Kinematic_Block.png, id=269, 662.475pt x 408.52625pt>
File: FIGURES_3/Unicycle_Kinematic_Block.png Graphic file (type png)

<use FIGURES_3/Unicycle_Kinematic_Block.png>
Package pdftex.def Info: FIGURES_3/Unicycle_Kinematic_Block.png used on input l
ine 341.
(pdftex.def)             Requested size: 337.85779pt x 208.34563pt.
 [49 <./FIGURES_3/Unicycle_Kinematic_Block.png>] <FIGURES_3/VehicleDigitalSim.p
ng, id=274, 602.25pt x 401.5pt>
File: FIGURES_3/VehicleDigitalSim.png Graphic file (type png)

<use FIGURES_3/VehicleDigitalSim.png>
Package pdftex.def Info: FIGURES_3/VehicleDigitalSim.png used on input line 361
.
(pdftex.def)             Requested size: 307.14343pt x 204.76228pt.

<FIGURES_3/VehiclePlotSim.png, id=275, 612.2875pt x 462.72874pt>
File: FIGURES_3/VehiclePlotSim.png Graphic file (type png)

<use FIGURES_3/VehiclePlotSim.png>
Package pdftex.def Info: FIGURES_3/VehiclePlotSim.png used on input line 369.
(pdftex.def)             Requested size: 312.2625pt x 235.98854pt.
 [50 <./FIGURES_3/VehicleDigitalSim.png>]
[51 <./FIGURES_3/VehiclePlotSim.png>]
<FIGURES_3/Sonar01.png, id=285, 612.2875pt x 462.72874pt>
File: FIGURES_3/Sonar01.png Graphic file (type png)

<use FIGURES_3/Sonar01.png>
Package pdftex.def Info: FIGURES_3/Sonar01.png used on input line 410.
(pdftex.def)             Requested size: 312.2625pt x 235.98854pt.
 [52] [53 <./FIGURES_3/Sonar01.png>] [54] [55]
<FIGURES_3/Sonar02.png, id=299, 612.2875pt x 462.72874pt>
File: FIGURES_3/Sonar02.png Graphic file (type png)

<use FIGURES_3/Sonar02.png>
Package pdftex.def Info: FIGURES_3/Sonar02.png used on input line 491.
(pdftex.def)             Requested size: 312.2625pt x 235.98854pt.
 [56 <./FIGURES_3/Sonar02.png>]) [57] [58] [59]
(./Assignment_Header.aux)

LaTeX Warning: There were undefined references.


LaTeX Warning: There were multiply-defined labels.

 ) 
Here is how much of TeX's memory you used:
 8069 strings out of 493485
 116095 string characters out of 3143526
 314645 words of memory out of 3000000
 11108 multiletter control sequences out of 15000+200000
 59264 words of font info for 92 fonts, out of 3000000 for 9000
 957 hyphenation exceptions out of 8191
 38i,16n,56p,881b,1625s stack positions out of 5000i,500n,10000p,200000b,50000s
{/usr/share/texlive/texmf-dist/fonts/enc/dvips/base/8r.enc}</usr/share/texliv
e/texmf-dist/fonts/type1/public/amsfonts/cm/cmbx12.pfb></usr/share/texlive/texm
f-dist/fonts/type1/public/amsfonts/cm/cmbx8.pfb></usr/share/texlive/texmf-dist/
fonts/type1/public/amsfonts/cm/cmex10.pfb></usr/share/texlive/texmf-dist/fonts/
type1/public/amsfonts/cm/cmmi10.pfb></usr/share/texlive/texmf-dist/fonts/type1/
public/amsfonts/cm/cmmi12.pfb></usr/share/texlive/texmf-dist/fonts/type1/public
/amsfonts/cm/cmmi6.pfb></usr/share/texlive/texmf-dist/fonts/type1/public/amsfon
ts/cm/cmmi7.pfb></usr/share/texlive/texmf-dist/fonts/type1/public/amsfonts/cm/c
mmi8.pfb></usr/share/texlive/texmf-dist/fonts/type1/public/amsfonts/cm/cmr10.pf
b></usr/share/texlive/texmf-dist/fonts/type1/public/amsfonts/cm/cmr12.pfb></usr
/share/texlive/texmf-dist/fonts/type1/public/amsfonts/cm/cmr6.pfb></usr/share/t
exlive/texmf-dist/fonts/type1/public/amsfonts/cm/cmr7.pfb></usr/share/texlive/t
exmf-dist/fonts/type1/public/amsfonts/cm/cmr8.pfb></usr/share/texlive/texmf-dis
t/fonts/type1/public/amsfonts/cm/cmsy10.pfb></usr/share/texlive/texmf-dist/font
s/type1/public/amsfonts/cm/cmsy6.pfb></usr/share/texlive/texmf-dist/fonts/type1
/public/amsfonts/cm/cmsy8.pfb></usr/share/texlive/texmf-dist/fonts/type1/public
/amsfonts/symbols/msam10.pfb></usr/share/texlive/texmf-dist/fonts/type1/public/
amsfonts/symbols/msbm10.pfb></usr/share/texlive/texmf-dist/fonts/type1/urw/cour
ier/ucrb8a.pfb></usr/share/texlive/texmf-dist/fonts/type1/urw/courier/ucrr8a.pf
b></usr/share/texlive/texmf-dist/fonts/type1/urw/courier/ucrro8a.pfb></usr/shar
e/texlive/texmf-dist/fonts/type1/urw/times/utmb8a.pfb></usr/share/texlive/texmf
-dist/fonts/type1/urw/times/utmbi8a.pfb></usr/share/texlive/texmf-dist/fonts/ty
pe1/urw/times/utmr8a.pfb></usr/share/texlive/texmf-dist/fonts/type1/urw/times/u
tmri8a.pfb>
Output written on Assignment_Header.pdf (63 pages, 1161642 bytes).
PDF statistics:
 396 PDF objects out of 1000 (max. 8388607)
 218 compressed objects within 3 object streams
 0 named destinations out of 1000 (max. 500000)
 231 words of extra memory for PDF output out of 10000 (max. 10000000)

